0 info it worked if it ends with ok
1 verbose cli [ 'D:\\Development\\Nodejs\\\\node.exe',
1 verbose cli   'D:\\Development\\Nodejs\\node_modules\\npm\\bin\\npm-cli.js',
1 verbose cli   'install' ]
2 info using npm@1.4.28
3 info using node@v0.10.32
4 verbose node symlink D:\Development\Nodejs\\node.exe
5 error Error: ENOENT, stat 'C:\Users\Admin\AppData\Roaming\npm'
6 error If you need help, you may report this *entire* log,
6 error including the npm and node versions, at:
6 error     <http://github.com/npm/npm/issues>
7 error System Windows_NT 6.2.9200
8 error command "D:\\Development\\Nodejs\\\\node.exe" "D:\\Development\\Nodejs\\node_modules\\npm\\bin\\npm-cli.js" "install"
9 error cwd D:\Git\SSNoC-Node-UI
10 error node -v v0.10.32
11 error npm -v 1.4.28
12 error path C:\Users\Admin\AppData\Roaming\npm
13 error code ENOENT
14 error errno 34
15 verbose exit [ 34, true ]
